[[32minfo[39m] Hexo is running at [4mlocalhost:4000/[24m. Press Ctrl+C to stop.
[[32minfo[39m] Hexo is running at [4mlocalhost:4000/[24m. Press Ctrl+C to stop.
[[32mcreate[39m] Source: _posts/.cloudstack-error-across.md.swp
[[33mupdate[39m] Source: _posts/.cloudstack-error-across.md.swp
[[33mupdate[39m] Source: _posts/.cloudstack-error-across.md.swp
[[33mupdate[39m] Source: _posts/.cloudstack-error-across.md.swp
[[33mupdate[39m] Source: _posts/.cloudstack-error-across.md.swp
[[33mupdate[39m] Source: _posts/cloudstack-error-across.md
[[31mdelete[39m] Source: _posts/.cloudstack-error-across.md.swp
[[32mcreate[39m] Source: _posts/.cloudstack-error-across.md.swp
[[33mupdate[39m] Source: _posts/.cloudstack-error-across.md.swp
[[33mupdate[39m] Source: _posts/.cloudstack-error-across.md.swp
[[33mupdate[39m] Source: _posts/.cloudstack-error-across.md.swp
[[33mupdate[39m] Source: _posts/.cloudstack-error-across.md.swp
[[33mupdate[39m] Source: _posts/cloudstack-error-across.md
[[31mdelete[39m] Source: _posts/.cloudstack-error-across.md.swp
[[32mcreate[39m] Source: _posts/.cloudstack-error-across.md.swp
[[33mupdate[39m] Source: _posts/.cloudstack-error-across.md.swp
[[33mupdate[39m] Source: _posts/.cloudstack-error-across.md.swp
[[33mupdate[39m] Source: _posts/cloudstack-error-across.md
[[31mdelete[39m] Source: _posts/.cloudstack-error-across.md.swp
[[32mcreate[39m] Source: _posts/.cloudstack-error-across.md.swp
[[33mupdate[39m] Source: _posts/.cloudstack-error-across.md.swp
[[33mupdate[39m] Source: _posts/cloudstack-error-across.md
[[31mdelete[39m] Source: _posts/.cloudstack-error-across.md.swp
[[32mcreate[39m] Source: _posts/.cloudstack-error-across.md.swp
[[33mupdate[39m] Source: _posts/.cloudstack-error-across.md.swp
[[33mupdate[39m] Source: _posts/cloudstack-error-across.md
[[33mupdate[39m] Source: _posts/.cloudstack-error-across.md.swp
[[33mupdate[39m] Source: _posts/.cloudstack-error-across.md.swp
[[33mupdate[39m] Source: _posts/.cloudstack-error-across.md.swp
[[33mupdate[39m] Source: _posts/.cloudstack-error-across.md.swp
[[33mupdate[39m] Source: _posts/.cloudstack-error-across.md.swp
[[33mupdate[39m] Source: _posts/.cloudstack-error-across.md.swp
[[33mupdate[39m] Source: _posts/cloudstack-error-across.md
[[31mdelete[39m] Source: _posts/.cloudstack-error-across.md.swp
[[32mcreate[39m] Source: _posts/.cloud.md.swp
[[33mupdate[39m] Source: _posts/.cloud.md.swp
[[31mdelete[39m] Source: _posts/.cloud.md.swp
[[32mcreate[39m] Source: _posts/.test.md.swp
[[33mupdate[39m] Source: _posts/.test.md.swp
[[33mupdate[39m] Source: _posts/.test.md.swp
[[33mupdate[39m] Source: _posts/.test.md.swp
[[31mdelete[39m] Source: _posts/.test.md.swp
[[32mcreate[39m] Source: _posts/test.md
[[31mdelete[39m] Source: _posts/test.md
[[32mcreate[39m] Source: _posts/.tss.md.swp
[[33mupdate[39m] Source: _posts/.tss.md.swp
[[33mupdate[39m] Source: _posts/.tss.md.swp
[[31mdelete[39m] Source: _posts/.tss.md.swp
[[32mcreate[39m] Source: _posts/tss.md
[[32mcreate[39m] Source: _posts/.tssd.md.swp
[[32mcreate[39m] Source: _posts/.tssd.md.swx
[[33mupdate[39m] Source: _posts/.tssd.md.swp
[[33mupdate[39m] Source: _posts/.tssd.md.swp
[[31mdelete[39m] Source: _posts/.tssd.md.swp
[[31mdelete[39m] Source: _posts/.tssd.md.swx
[[32mcreate[39m] Source: _posts/tssd.md
[[31mdelete[39m] Source: _posts/tssd.md
[[31mdelete[39m] Source: _posts/tss.md
[[32mcreate[39m] Source: _posts/.cloud-templtate.md.swp
[[33mupdate[39m] Source: _posts/.cloud-templtate.md.swp
[[31mdelete[39m] Source: _posts/.cloud-templtate.md.swp
[[32mcreate[39m] Source: _posts/cloud-templtate.md
[[32mcreate[39m] Source: _posts/.cloud-templtate.md.swp
[[33mupdate[39m] Source: _posts/.cloud-templtate.md.swp
[[33mupdate[39m] Source: _posts/cloud-templtate.md
[[31mdelete[39m] Source: _posts/.cloud-templtate.md.swp
[[32mcreate[39m] Source: _posts/.cloud.md.swp
[[33mupdate[39m] Source: _posts/.cloud.md.swp
[[33mupdate[39m] Source: _posts/cloud.md
[[31mdelete[39m] Source: _posts/.cloud.md.swp
[[32mcreate[39m] Source: _posts/.cloudstack-error-across.md.swp
[[33mupdate[39m] Source: _posts/.cloudstack-error-across.md.swp
[[33mupdate[39m] Source: _posts/cloudstack-error-across.md
[[33mupdate[39m] Source: _posts/.cloudstack-error-across.md.swp
[[31mdelete[39m] Source: _posts/.cloudstack-error-across.md.swp
[[32mcreate[39m] Source: _posts/.cloudstack_kvm.md.swp
[[31mdelete[39m] Source: _posts/.cloudstack_kvm.md.swp
[[32mcreate[39m] Source: _posts/.cloudstack_kvm.md.swp
[[31mdelete[39m] Source: _posts/.cloudstack_kvm.md.swp
[[32mcreate[39m] Source: _posts/.cloud.md.swp
[[33mupdate[39m] Source: _posts/.cloud.md.swp
[[33mupdate[39m] Source: _posts/cloud.md
[[31mdelete[39m] Source: _posts/.cloud.md.swp
[[32mcreate[39m] Source: _posts/.cloudstack-error-across.md.swp
[[33mupdate[39m] Source: _posts/.cloudstack-error-across.md.swp
[[33mupdate[39m] Source: _posts/cloudstack-error-across.md
[[31mdelete[39m] Source: _posts/.cloudstack-error-across.md.swp
[[32mcreate[39m] Source: _posts/.cloud-templtate.md.swp
[[33mupdate[39m] Source: _posts/.cloud-templtate.md.swp
[[33mupdate[39m] Source: _posts/cloud-templtate.md
[[31mdelete[39m] Source: _posts/.cloud-templtate.md.swp
[[32mcreate[39m] Source: _posts/.cloud-sec-proys.md.swp
[[33mupdate[39m] Source: _posts/.cloud-sec-proys.md.swp
[[31mdelete[39m] Source: _posts/.cloud-sec-proys.md.swp
[[32mcreate[39m] Source: _posts/cloud-sec-proys.md
[[33mupdate[39m] Source: _posts/cloud-sec-proys.md
[[32mcreate[39m] Source: _posts/.cloud-sec-proys.md.swp
[[33mupdate[39m] Source: _posts/.cloud-sec-proys.md.swp
[[33mupdate[39m] Source: _posts/cloud-sec-proys.md
[[31mdelete[39m] Source: _posts/.cloud-sec-proys.md.swp
[[32mcreate[39m] Source: _posts/.cloud-sec-proys.md.swp
[[33mupdate[39m] Source: _posts/.cloud-sec-proys.md.swp
[[33mupdate[39m] Source: _posts/cloud-sec-proys.md
[[31mdelete[39m] Source: _posts/.cloud-sec-proys.md.swp
[[32mcreate[39m] Source: _posts/.cloud-sec-proys.md.swp
[[33mupdate[39m] Source: _posts/.cloud-sec-proys.md.swp
[[33mupdate[39m] Source: _posts/cloud-sec-proys.md
[[33mupdate[39m] Source: _posts/.cloud-sec-proys.md.swp
[[33mupdate[39m] Source: _posts/.cloud-sec-proys.md.swp
[[33mupdate[39m] Source: _posts/cloud-sec-proys.md
[[33mupdate[39m] Source: _posts/.cloud-sec-proys.md.swp
[[33mupdate[39m] Source: _posts/.cloud-sec-proys.md.swp
[[33mupdate[39m] Source: _posts/.cloud-sec-proys.md.swp
[[33mupdate[39m] Source: _posts/cloud-sec-proys.md
[[31mdelete[39m] Source: _posts/.cloud-sec-proys.md.swp
[[32mcreate[39m] Source: _posts/.cloud-sec-proys.md.swp
[[33mupdate[39m] Source: _posts/.cloud-sec-proys.md.swp
[[33mupdate[39m] Source: _posts/cloud-sec-proys.md
[[33mupdate[39m] Source: _posts/.cloud-sec-proys.md.swp
[[33mupdate[39m] Source: _posts/.cloud-sec-proys.md.swp
[[33mupdate[39m] Source: _posts/.cloud-sec-proys.md.swp
[[33mupdate[39m] Source: _posts/cloud-sec-proys.md
[[31mdelete[39m] Source: _posts/.cloud-sec-proys.md.swp
[[32mcreate[39m] Source: _posts/.cloud-sec-proys.md.swp
[[33mupdate[39m] Source: _posts/.cloud-sec-proys.md.swp
[[33mupdate[39m] Source: _posts/cloud-sec-proys.md
[[31mdelete[39m] Source: _posts/.cloud-sec-proys.md.swp
[[32mcreate[39m] Source: _posts/.cloud-sec-proys.md.swp
[[33mupdate[39m] Source: _posts/.cloud-sec-proys.md.swp
[[33mupdate[39m] Source: _posts/cloud-sec-proys.md
[[31mdelete[39m] Source: _posts/.cloud-sec-proys.md.swp
[[32mcreate[39m] Source: _posts/.cloud-sec-proys.md.swp
[[33mupdate[39m] Source: _posts/.cloud-sec-proys.md.swp
[[33mupdate[39m] Source: _posts/cloud-sec-proys.md
[[31mdelete[39m] Source: _posts/.cloud-sec-proys.md.swp
[[33mupdate[39m] Source: 404.html
[[32mcreate[39m] Source: .404.html.swp
[[31mdelete[39m] Source: .404.html.swp
[[31merror[39m] HexoError: Process failed: .404.html.swp
[90mError: ENOENT, stat '/blog/cloud/source/.404.html.swp'[39m

[[33mupdate[39m] Source: favicon.ico
[[32minfo[39m] Hexo is running at [4mhttp://localhost:4000/[24m. Press Ctrl+C to stop.
[[33mupdate[39m] /data/blog/cloud/source/_posts/web_conurrtn.md
[[33mupdate[39m] /data/blog/cloud/themes/yilia/_config.yml
[[33mupdate[39m] /data/blog/cloud/source/_posts/web_conurrtn.md
[[32minfo[39m] Hexo is running at [4mhttp://localhost:4000/[24m. Press Ctrl+C to stop.
[[33mupdate[39m] /data/blog/cloud/themes/yilia/_config.yml
[[33mupdate[39m] /data/blog/cloud/themes/yilia/_config.yml
[[33mupdate[39m] /data/blog/cloud/themes/yilia/_config.yml
[[32minfo[39m] Hexo is running at [4mhttp://localhost:4000/[24m. Press Ctrl+C to stop.
